\BOOKMARK [0][-]{chapter.1}{Introduction}{}% 1
\BOOKMARK [1][-]{section.1.1}{Background}{chapter.1}% 2
\BOOKMARK [1][-]{section.1.2}{Technical background}{chapter.1}% 3
\BOOKMARK [2][-]{subsection.1.2.1}{Infrared light}{section.1.2}% 4
\BOOKMARK [2][-]{subsection.1.2.2}{Arduino}{section.1.2}% 5
\BOOKMARK [2][-]{subsection.1.2.3}{Components}{section.1.2}% 6
\BOOKMARK [1][-]{section.1.3}{Software development}{chapter.1}% 7
\BOOKMARK [1][-]{section.1.4}{Related work}{chapter.1}% 8
\BOOKMARK [1][-]{section.1.5}{Problems}{chapter.1}% 9
\BOOKMARK [1][-]{section.1.6}{Goal and purpose}{chapter.1}% 10
\BOOKMARK [1][-]{section.1.7}{Boundaries}{chapter.1}% 11
\BOOKMARK [0][-]{chapter.2}{Method}{}% 12
\BOOKMARK [1][-]{section.2.1}{Literature review}{chapter.2}% 13
\BOOKMARK [1][-]{section.2.2}{Developing phase}{chapter.2}% 14
\BOOKMARK [2][-]{subsection.2.2.1}{Hardware}{section.2.2}% 15
\BOOKMARK [2][-]{subsection.2.2.2}{Software}{section.2.2}% 16
\BOOKMARK [2][-]{subsection.2.2.3}{Design}{section.2.2}% 17
\BOOKMARK [1][-]{section.2.3}{Test/polishing phase}{chapter.2}% 18
\BOOKMARK [0][-]{chapter.3}{Results}{}% 19
\BOOKMARK [0][-]{chapter.4}{Discussion}{}% 20
\BOOKMARK [0][-]{chapter.5}{Conclusions}{}% 21
\BOOKMARK [0][-]{chapter*.15}{ Bibliography}{}% 22
